<?xml version="1.0" encoding="UTF-8"?>
<!-- Generated by org.testng.reporters.JUnitReportReporter -->
<testsuite hostname="DESKTOP-PH7A2OE" failures="0" tests="1" name="com.w2a.testcases.LoginTest" time="5.304" errors="0" timestamp="2020-04-17T12:08:59 IST" skipped="0">
  <testcase classname="com.w2a.testcases.LoginTest" name="LoginAsBankManager" time="5.304"/>
  <system-out>
able to click on the add cust button  </system-out>
</testsuite> <!-- com.w2a.testcases.LoginTest -->
