<?xml version="1.0" encoding="UTF-8"?>
<!-- Generated by org.testng.reporters.JUnitReportReporter -->
<testsuite hostname="DESKTOP-PH7A2OE" failures="0" tests="1" name="com.w2a.testcases.LoginTest" time="0.000" errors="0" timestamp="2020-04-18T10:13:25 IST" skipped="1">
  <testcase classname="com.w2a.testcases.LoginTest" name="LoginAsBankManager" time="0.000">
    <skipped/>
  </testcase> <!-- LoginAsBankManager -->
  <system-out/>
</testsuite> <!-- com.w2a.testcases.LoginTest -->
