<?xml version="1.0" encoding="UTF-8"?>
<!-- Generated by org.testng.reporters.JUnitReportReporter -->
<testsuite hostname="DESKTOP-PH7A2OE" failures="0" tests="4" name="com.w2a.testcases.AddCust" time="0.000" errors="0" timestamp="2020-04-18T10:13:25 IST" skipped="4">
  <testcase classname="com.w2a.testcases.AddCust" name="add" time="0.000">
    <skipped/>
  </testcase> <!-- add -->
  <system-out/>
  <testcase classname="com.w2a.testcases.AddCust" name="add" time="0.000">
    <skipped/>
  </testcase> <!-- add -->
  <system-out/>
  <testcase classname="com.w2a.testcases.AddCust" name="check" time="0.000">
    <skipped/>
  </testcase> <!-- check -->
  <system-out/>
  <testcase classname="com.w2a.testcases.AddCust" name="add" time="0.000">
    <skipped/>
  </testcase> <!-- add -->
  <system-out/>
</testsuite> <!-- com.w2a.testcases.AddCust -->
